<?xml version="1.0" encoding="UTF-8"?>
<!-- Generated by org.testng.reporters.JUnitReportReporter -->
<testsuite hostname="DESKTOP-LULIMPB" failures="0" tests="1" name="Runner.RunProgram_Test" time="407.643" errors="0" timestamp="2023-08-31T00:22:30 IST" skipped="0">
  <testcase classname="Runner.RunProgram_Test" name="Running" time="407.643"/>
</testsuite> <!-- Runner.RunProgram_Test -->
