<?xml version="1.0" encoding="UTF-8"?>
<!-- Generated by org.testng.reporters.JUnitReportReporter -->
<testsuite hostname="DESKTOP-LULIMPB" failures="0" tests="1" name="Runner.RunProgram" time="29.219" errors="0" timestamp="2023-08-24T16:59:06 IST" skipped="0">
  <testcase classname="Runner.RunProgram" name="Running" time="29.219"/>
</testsuite> <!-- Runner.RunProgram -->
