<?xml version="1.0" encoding="UTF-8"?>
<!-- Generated by org.testng.reporters.JUnitReportReporter -->
<testsuite hostname="DESKTOP-LULIMPB" failures="0" tests="1" name="Runner.RunProgram_Test" time="372.922" errors="0" timestamp="2023-08-31T00:31:20 IST" skipped="0">
  <testcase classname="Runner.RunProgram_Test" name="Running" time="372.922"/>
  <system-out/>
</testsuite> <!-- Runner.RunProgram_Test -->
